INFO     -  Building documentation...
INFO     -  Cleaning site directory
INFO     -  Documentation built in 0.24 seconds
INFO     -  [00:19:18] Watching paths for changes: 'docs', 'mkdocs.yml'
INFO     -  [00:19:18] Serving on http://127.0.0.1:8000/
INFO     -  [00:19:26] Browser connected: http://127.0.0.1:8000/
INFO     -  [00:19:37] Browser connected: http://127.0.0.1:8000/
INFO     -  [00:19:38] Browser connected: http://127.0.0.1:8000/
INFO     -  Building documentation...
INFO     -  Cleaning site directory
INFO     -  Documentation built in 0.08 seconds
INFO     -  [00:20:22] Watching paths for changes: 'docs', 'mkdocs.yml'
INFO     -  [00:20:22] Serving on http://127.0.0.1:8000/
INFO     -  [00:20:23] Browser connected: http://127.0.0.1:8000/
INFO     -  [00:20:24] Browser connected: http://127.0.0.1:8000/
INFO     -  [00:20:25] Browser connected: http://127.0.0.1:8000/
INFO     -  Building documentation...
[31mERROR    -  [0mConfig value: 'theme'. Error: No theme name set.
Aborted with 1 Configuration Errors!
INFO     -  Building documentation...
INFO     -  Cleaning site directory
INFO     -  The following pages exist in the docs directory, but are not included in the "nav" configuration:
  - index.md
INFO     -  Documentation built in 0.31 seconds
INFO     -  [01:31:29] Watching paths for changes: 'docs', 'mkdocs.yml'
INFO     -  [01:31:29] Serving on http://127.0.0.1:8000/
[33mWARNING  -  [0m[01:31:31] "GET /mkdocs-material/setup/extensions/python-markdown-extensions/ HTTP/1.1" code 404
[33mWARNING  -  [0m[01:31:32] "GET /mkdocs-material/setup/extensions/python-markdown-extensions/ HTTP/1.1" code 404
INFO     -  [01:31:44] Detected file changes
INFO     -  Building documentation...
[31mERROR    -  [0mConfig value: 'plugins'. Error: The "blog" plugin is not installed
Aborted with 1 Configuration Errors!
INFO     -  Building documentation...
INFO     -  Cleaning site directory
INFO     -  The following pages exist in the docs directory, but are not included in the "nav" configuration:
  - index.md
  - ProgrammingLanguage/flutter/index.md
  - ProgrammingLanguage/flutter/flutterPackages/web_view.md
INFO     -  Documentation built in 1.74 seconds
INFO     -  [12:39:36] Watching paths for changes: 'docs', 'mkdocs.yml'
INFO     -  [12:39:36] Serving on http://127.0.0.1:8000/docks/
[33mWARNING  -  [0m[12:43:32] "GET / HTTP/1.1" code 302
INFO     -  [12:43:32] Browser connected: http://127.0.0.1:8000/docks/
[33mWARNING  -  [0m[12:43:37] "GET /assets/img/flutter/DartGrammar/dartClass.png HTTP/1.1" code 404
INFO     -  [12:44:18] Browser connected: http://127.0.0.1:8000/docks/ProgrammingLanguage/flutter/dartGrammar/functionalProgramming/
[33mWARNING  -  [0m[12:44:35] "GET /assets/img/flutter/DartGrammar/Stream.png HTTP/1.1" code 404
[33mWARNING  -  [0m[12:44:35] "GET /assets/img/flutter/DartGrammar/cpu_work.jpg HTTP/1.1" code 404
[33mWARNING  -  [0m[12:44:35] "GET /assets/img/flutter/DartGrammar/asynchronous.jpeg HTTP/1.1" code 404
INFO     -  [12:45:18] Browser connected: http://127.0.0.1:8000/docks/ProgrammingLanguage/flutter/dartGrammar/asyncProgramming/
INFO     -  [12:45:34] Detected file changes
INFO     -  Building documentation...
INFO     -  The following pages exist in the docs directory, but are not included in the "nav" configuration:
  - index.md
  - ProgrammingLanguage/flutter/index.md
  - ProgrammingLanguage/flutter/flutterPackages/web_view.md
[33mWARNING  -  [0mDocumentation file 'ProgrammingLanguage/flutter/dartGrammar/asyncProgramming.md' contains a link to 'ProgrammingLanguage/flutter/dartGrammar/docs/assets/img/flutter/DartGrammar/cpu_work.jpg' which is not found in the documentation files.
INFO     -  [12:45:36] Reloading browsers
[33mWARNING  -  [0m[12:45:37] "GET /docks/ProgrammingLanguage/flutter/dartGrammar/asyncProgramming/docs/assets/img/flutter/DartGrammar/cpu_work.jpg HTTP/1.1" code 404
[33mWARNING  -  [0m[12:45:37] "GET /assets/img/flutter/DartGrammar/Stream.png HTTP/1.1" code 404
[33mWARNING  -  [0m[12:45:37] "GET /assets/img/flutter/DartGrammar/asynchronous.jpeg HTTP/1.1" code 404
INFO     -  [12:45:37] Browser connected: http://127.0.0.1:8000/docks/ProgrammingLanguage/flutter/dartGrammar/asyncProgramming/
[33mWARNING  -  [0m[12:45:38] "GET /docks/ProgrammingLanguage/flutter/dartGrammar/asyncProgramming/docs/assets/img/flutter/DartGrammar/cpu_work.jpg HTTP/1.1" code 404
[33mWARNING  -  [0m[12:45:38] "GET /assets/img/flutter/DartGrammar/asynchronous.jpeg HTTP/1.1" code 404
[33mWARNING  -  [0m[12:45:38] "GET /assets/img/flutter/DartGrammar/Stream.png HTTP/1.1" code 404
INFO     -  [12:45:38] Browser connected: http://127.0.0.1:8000/docks/ProgrammingLanguage/flutter/dartGrammar/asyncProgramming/
[33mWARNING  -  [0m[12:45:40] "GET /docks/ProgrammingLanguage/flutter/dartGrammar/asyncProgramming/docs/assets/img/flutter/DartGrammar/cpu_work.jpg HTTP/1.1" code 404
[33mWARNING  -  [0m[12:45:40] "GET /assets/img/flutter/DartGrammar/asynchronous.jpeg HTTP/1.1" code 404
[33mWARNING  -  [0m[12:45:40] "GET /assets/img/flutter/DartGrammar/Stream.png HTTP/1.1" code 404
INFO     -  [12:45:40] Browser connected: http://127.0.0.1:8000/docks/ProgrammingLanguage/flutter/dartGrammar/asyncProgramming/
[33mWARNING  -  [0m[12:45:42] "GET /docks/ProgrammingLanguage/flutter/dartGrammar/asyncProgramming/docs/assets/img/flutter/DartGrammar/cpu_work.jpg HTTP/1.1" code 404
[33mWARNING  -  [0m[12:45:42] "GET /assets/img/flutter/DartGrammar/asynchronous.jpeg HTTP/1.1" code 404
[33mWARNING  -  [0m[12:45:42] "GET /assets/img/flutter/DartGrammar/Stream.png HTTP/1.1" code 404
INFO     -  [12:45:42] Browser connected: http://127.0.0.1:8000/docks/ProgrammingLanguage/flutter/dartGrammar/asyncProgramming/
[33mWARNING  -  [0m[12:45:43] "GET /docks/ProgrammingLanguage/flutter/dartGrammar/asyncProgramming/docs/assets/img/flutter/DartGrammar/cpu_work.jpg HTTP/1.1" code 404
[33mWARNING  -  [0m[12:45:43] "GET /assets/img/flutter/DartGrammar/asynchronous.jpeg HTTP/1.1" code 404
[33mWARNING  -  [0m[12:45:43] "GET /assets/img/flutter/DartGrammar/Stream.png HTTP/1.1" code 404
INFO     -  [12:45:43] Browser connected: http://127.0.0.1:8000/docks/ProgrammingLanguage/flutter/dartGrammar/asyncProgramming/
INFO     -  [12:46:21] Detected file changes
INFO     -  Building documentation...
INFO     -  The following pages exist in the docs directory, but are not included in the "nav" configuration:
  - index.md
  - ProgrammingLanguage/flutter/index.md
  - ProgrammingLanguage/flutter/flutterPackages/web_view.md
INFO     -  [12:46:22] Reloading browsers
[33mWARNING  -  [0m[12:46:23] "GET /assets/img/flutter/DartGrammar/cpu_work.jpg HTTP/1.1" code 404
[33mWARNING  -  [0m[12:46:23] "GET /assets/img/flutter/DartGrammar/asynchronous.jpeg HTTP/1.1" code 404
[33mWARNING  -  [0m[12:46:23] "GET /assets/img/flutter/DartGrammar/Stream.png HTTP/1.1" code 404
INFO     -  [12:46:23] Browser connected: http://127.0.0.1:8000/docks/ProgrammingLanguage/flutter/dartGrammar/asyncProgramming/
INFO     -  [12:46:30] Detected file changes
INFO     -  Building documentation...
INFO     -  The following pages exist in the docs directory, but are not included in the "nav" configuration:
  - index.md
  - ProgrammingLanguage/flutter/index.md
  - ProgrammingLanguage/flutter/flutterPackages/web_view.md
INFO     -  [12:46:32] Reloading browsers
[33mWARNING  -  [0m[12:46:32] "GET /docs/assets/img/flutter/DartGrammar/cpu_work.jpg HTTP/1.1" code 404
[33mWARNING  -  [0m[12:46:32] "GET /assets/img/flutter/DartGrammar/asynchronous.jpeg HTTP/1.1" code 404
[33mWARNING  -  [0m[12:46:32] "GET /assets/img/flutter/DartGrammar/Stream.png HTTP/1.1" code 404
INFO     -  [12:46:32] Browser connected: http://127.0.0.1:8000/docks/ProgrammingLanguage/flutter/dartGrammar/asyncProgramming/
[33mWARNING  -  [0m[12:46:34] "GET /docs/assets/img/flutter/DartGrammar/cpu_work.jpg HTTP/1.1" code 404
[33mWARNING  -  [0m[12:46:34] "GET /assets/img/flutter/DartGrammar/asynchronous.jpeg HTTP/1.1" code 404
[33mWARNING  -  [0m[12:46:34] "GET /assets/img/flutter/DartGrammar/Stream.png HTTP/1.1" code 404
INFO     -  [12:46:34] Browser connected: http://127.0.0.1:8000/docks/ProgrammingLanguage/flutter/dartGrammar/asyncProgramming/
[33mWARNING  -  [0m[12:46:35] "GET /docs/assets/img/flutter/DartGrammar/cpu_work.jpg HTTP/1.1" code 404
[33mWARNING  -  [0m[12:46:35] "GET /assets/img/flutter/DartGrammar/Stream.png HTTP/1.1" code 404
[33mWARNING  -  [0m[12:46:35] "GET /assets/img/flutter/DartGrammar/asynchronous.jpeg HTTP/1.1" code 404
INFO     -  [12:46:36] Browser connected: http://127.0.0.1:8000/docks/ProgrammingLanguage/flutter/dartGrammar/asyncProgramming/
[33mWARNING  -  [0m[12:46:36] "GET /docs/assets/img/flutter/DartGrammar/cpu_work.jpg HTTP/1.1" code 404
[33mWARNING  -  [0m[12:46:36] "GET /assets/img/flutter/DartGrammar/asynchronous.jpeg HTTP/1.1" code 404
[33mWARNING  -  [0m[12:46:36] "GET /assets/img/flutter/DartGrammar/Stream.png HTTP/1.1" code 404
INFO     -  [12:46:37] Browser connected: http://127.0.0.1:8000/docks/ProgrammingLanguage/flutter/dartGrammar/asyncProgramming/
INFO     -  [12:50:33] Detected file changes
INFO     -  Building documentation...
INFO     -  The following pages exist in the docs directory, but are not included in the "nav" configuration:
  - index.md
  - ProgrammingLanguage/flutter/index.md
  - ProgrammingLanguage/flutter/flutterPackages/web_view.md
INFO     -  [12:50:35] Reloading browsers
[33mWARNING  -  [0m[12:50:35] "GET /docs/assets/img/flutter/DartGrammar/cpu_work.jpg HTTP/1.1" code 404
[33mWARNING  -  [0m[12:50:35] "GET /assets/img/flutter/DartGrammar/asynchronous.jpeg HTTP/1.1" code 404
[33mWARNING  -  [0m[12:50:35] "GET /assets/img/flutter/DartGrammar/Stream.png HTTP/1.1" code 404
INFO     -  [12:50:35] Browser connected: http://127.0.0.1:8000/docks/ProgrammingLanguage/flutter/dartGrammar/asyncProgramming/
[33mWARNING  -  [0m[12:50:53] "GET /docs/assets/img/flutter/DartGrammar/cpu_work.jpg HTTP/1.1" code 404
[33mWARNING  -  [0m[12:50:53] "GET /assets/img/flutter/DartGrammar/asynchronous.jpeg HTTP/1.1" code 404
[33mWARNING  -  [0m[12:50:53] "GET /assets/img/flutter/DartGrammar/Stream.png HTTP/1.1" code 404
INFO     -  [12:50:54] Browser connected: http://127.0.0.1:8000/docks/ProgrammingLanguage/flutter/dartGrammar/asyncProgramming/
INFO     -  [12:51:52] Detected file changes
INFO     -  Building documentation...
INFO     -  The following pages exist in the docs directory, but are not included in the "nav" configuration:
  - index.md
  - ProgrammingLanguage/flutter/index.md
  - ProgrammingLanguage/flutter/flutterPackages/web_view.md
INFO     -  [12:51:54] Reloading browsers
[33mWARNING  -  [0m[12:51:54] "GET /docs/assets/img/flutter/DartGrammar/cpu_work.jpg HTTP/1.1" code 404
[33mWARNING  -  [0m[12:51:54] "GET /assets/img/flutter/DartGrammar/asynchronous.jpeg HTTP/1.1" code 404
[33mWARNING  -  [0m[12:51:54] "GET /assets/img/flutter/DartGrammar/Stream.png HTTP/1.1" code 404
INFO     -  [12:51:54] Browser connected: http://127.0.0.1:8000/docks/ProgrammingLanguage/flutter/dartGrammar/asyncProgramming/
INFO     -  [12:53:41] Detected file changes
INFO     -  Building documentation...
INFO     -  The following pages exist in the docs directory, but are not included in the "nav" configuration:
  - index.md
  - ProgrammingLanguage/flutter/index.md
  - ProgrammingLanguage/flutter/flutterPackages/web_view.md
INFO     -  [12:53:42] Reloading browsers
[33mWARNING  -  [0m[12:53:42] "GET /docs/assets/img/flutter/DartGrammar/cpu_work.jpg HTTP/1.1" code 404
[33mWARNING  -  [0m[12:53:42] "GET /assets/img/flutter/DartGrammar/asynchronous.jpeg HTTP/1.1" code 404
[33mWARNING  -  [0m[12:53:42] "GET /assets/img/flutter/DartGrammar/Stream.png HTTP/1.1" code 404
INFO     -  [12:53:42] Browser connected: http://127.0.0.1:8000/docks/ProgrammingLanguage/flutter/dartGrammar/asyncProgramming/
INFO     -  [12:53:56] Detected file changes
INFO     -  Building documentation...
INFO     -  The following pages exist in the docs directory, but are not included in the "nav" configuration:
  - index.md
  - ProgrammingLanguage/flutter/index.md
  - ProgrammingLanguage/flutter/flutterPackages/web_view.md
INFO     -  [12:53:58] Reloading browsers
[33mWARNING  -  [0m[12:53:58] "GET /img/flutter/DartGrammar/cpu_work.jpg HTTP/1.1" code 404
[33mWARNING  -  [0m[12:53:58] "GET /assets/img/flutter/DartGrammar/asynchronous.jpeg HTTP/1.1" code 404
[33mWARNING  -  [0m[12:53:58] "GET /assets/img/flutter/DartGrammar/Stream.png HTTP/1.1" code 404
INFO     -  [12:53:58] Browser connected: http://127.0.0.1:8000/docks/ProgrammingLanguage/flutter/dartGrammar/asyncProgramming/
[33mWARNING  -  [0m[12:54:01] "GET /img/flutter/DartGrammar/cpu_work.jpg HTTP/1.1" code 404
[33mWARNING  -  [0m[12:54:01] "GET /assets/img/flutter/DartGrammar/asynchronous.jpeg HTTP/1.1" code 404
[33mWARNING  -  [0m[12:54:01] "GET /assets/img/flutter/DartGrammar/Stream.png HTTP/1.1" code 404
INFO     -  [12:54:01] Browser connected: http://127.0.0.1:8000/docks/ProgrammingLanguage/flutter/dartGrammar/asyncProgramming/
[33mWARNING  -  [0m[12:54:03] "GET /img/flutter/DartGrammar/cpu_work.jpg HTTP/1.1" code 404
[33mWARNING  -  [0m[12:54:03] "GET /assets/img/flutter/DartGrammar/asynchronous.jpeg HTTP/1.1" code 404
[33mWARNING  -  [0m[12:54:03] "GET /assets/img/flutter/DartGrammar/Stream.png HTTP/1.1" code 404
INFO     -  [12:54:03] Browser connected: http://127.0.0.1:8000/docks/ProgrammingLanguage/flutter/dartGrammar/asyncProgramming/
[33mWARNING  -  [0m[12:54:04] "GET /img/flutter/DartGrammar/cpu_work.jpg HTTP/1.1" code 404
[33mWARNING  -  [0m[12:54:04] "GET /assets/img/flutter/DartGrammar/asynchronous.jpeg HTTP/1.1" code 404
[33mWARNING  -  [0m[12:54:04] "GET /assets/img/flutter/DartGrammar/Stream.png HTTP/1.1" code 404
INFO     -  [12:54:04] Browser connected: http://127.0.0.1:8000/docks/ProgrammingLanguage/flutter/dartGrammar/asyncProgramming/
[33mWARNING  -  [0m[12:54:06] "GET /img/flutter/DartGrammar/cpu_work.jpg HTTP/1.1" code 404
[33mWARNING  -  [0m[12:54:06] "GET /assets/img/flutter/DartGrammar/asynchronous.jpeg HTTP/1.1" code 404
[33mWARNING  -  [0m[12:54:06] "GET /assets/img/flutter/DartGrammar/Stream.png HTTP/1.1" code 404
INFO     -  [12:54:06] Browser connected: http://127.0.0.1:8000/docks/ProgrammingLanguage/flutter/dartGrammar/asyncProgramming/
INFO     -  Building documentation...
INFO     -  Cleaning site directory
INFO     -  The following pages exist in the docs directory, but are not included in the "nav" configuration:
  - index.md
  - ProgrammingLanguage/flutter/index.md
INFO     -  Documentation built in 0.98 seconds
INFO     -  [13:35:40] Watching paths for changes: 'docs', 'mkdocs.yml'
INFO     -  [13:35:40] Serving on http://127.0.0.1:8000/docks/
[33mWARNING  -  [0m[13:35:41] "GET /docs/assets/img/flutter/DartGrammar/cpu_work.jpg HTTP/1.1" code 404
[33mWARNING  -  [0m[13:35:41] "GET /docs/assets/img/flutter/DartGrammar/asynchronous.jpeg HTTP/1.1" code 404
[33mWARNING  -  [0m[13:35:41] "GET /assets/img/flutter/DartGrammar/Stream.png HTTP/1.1" code 404
INFO     -  [13:35:41] Browser connected: http://127.0.0.1:8000/docks/ProgrammingLanguage/flutter/dartGrammar/asyncProgramming/
